<?xml version="1.0" encoding="UTF-8"?>
<!-- Generated by org.testng.reporters.JUnitXMLReporter -->
<testsuite ignored="0" hostname="DESKTOP-17IM77O" failures="1" tests="1" name="Amazon Test" time="18.485" errors="0" timestamp="2022-02-20T14:51:09 CET">
  <testcase classname="amazon.TestCases.TC_AmazonMoveToBasket" name="AmazonMoveToBasket" time="12.092">
    <failure type="java.io.FileNotFoundException" message="C:\eclipse workspace\AmazonTest\screenshots\logintest.png (The system cannot find the path specified)">
      <![CDATA[java.io.FileNotFoundException: C:\eclipse workspace\AmazonTest\screenshots\logintest.png (The system cannot find the path specified)
at java.base/java.io.FileOutputStream.open0(Native Method)
at java.base/java.io.FileOutputStream.open(FileOutputStream.java:293)
at java.base/java.io.FileOutputStream.<init>(FileOutputStream.java:235)
at com.google.common.io.Files$FileByteSink.openStream(Files.java:196)
at com.google.common.io.Files$FileByteSink.openStream(Files.java:184)
at com.google.common.io.ByteSource.copyTo(ByteSource.java:279)
at com.google.common.io.Files.copy(Files.java:329)
at amazon.TestCases.BaseClass.captureScreen(BaseClass.java:66)
at amazon.TestCases.TC_AmazonMoveToBasket.AmazonMoveToBasket(TC_AmazonMoveToBasket.java:59)
at java.base/java.util.ArrayList.forEach(ArrayList.java:1511)
... Removed 27 stack frames]]>
    </failure>
  </testcase> <!-- AmazonMoveToBasket -->
</testsuite> <!-- Amazon Test -->
