<?xml version="1.0" encoding="UTF-8"?>
<testng-results ignored="0" total="1" passed="1" failed="0" skipped="0">
  <reporter-output>
  </reporter-output>
  <suite started-at="2022-02-20T16:08:56 CET" name="Amazon Test" finished-at="2022-02-20T16:09:40 CET" duration-ms="44055">
    <groups>
    </groups>
    <test started-at="2022-02-20T16:08:56 CET" name="Amazon Test" finished-at="2022-02-20T16:09:40 CET" duration-ms="44055">
      <class name="amazon.TestCases.TC_AmazonSearch">
        <test-method is-config="true" signature="setUp(java.lang.String)[pri:0, instance:amazon.TestCases.TC_AmazonSearch@53fdffa1]" started-at="2022-02-20T16:08:56 CET" name="setUp" finished-at="2022-02-20T16:08:58 CET" duration-ms="2258" status="PASS">
          <params>
            <param index="0">
              <value>
                <![CDATA[chrome]]>
              </value>
            </param>
          </params>
          <reporter-output>
          </reporter-output>
        </test-method> <!-- setUp -->
        <test-method signature="AmazonSearch()[pri:0, instance:amazon.TestCases.TC_AmazonSearch@53fdffa1]" started-at="2022-02-20T16:08:58 CET" name="AmazonSearch" finished-at="2022-02-20T16:09:35 CET" duration-ms="37493" status="PASS">
          <reporter-output>
          </reporter-output>
        </test-method> <!-- AmazonSearch -->
        <test-method is-config="true" signature="tearDown()[pri:0, instance:amazon.TestCases.TC_AmazonSearch@53fdffa1]" started-at="2022-02-20T16:09:35 CET" name="tearDown" finished-at="2022-02-20T16:09:40 CET" duration-ms="4242" status="PASS">
          <reporter-output>
          </reporter-output>
        </test-method> <!-- tearDown -->
      </class> <!-- amazon.TestCases.TC_AmazonSearch -->
    </test> <!-- Amazon Test -->
  </suite> <!-- Amazon Test -->
</testng-results>
