<?xml version="1.0" encoding="UTF-8"?>
<testng-results ignored="0" total="1" passed="0" failed="1" skipped="0">
  <reporter-output>
  </reporter-output>
  <suite started-at="2022-02-20T14:50:50 CET" name="Amazon Test" finished-at="2022-02-20T14:51:09 CET" duration-ms="18485">
    <groups>
    </groups>
    <test started-at="2022-02-20T14:50:50 CET" name="Amazon Test" finished-at="2022-02-20T14:51:09 CET" duration-ms="18485">
      <class name="amazon.TestCases.TC_AmazonMoveToBasket">
        <test-method is-config="true" signature="setUp(java.lang.String)[pri:0, instance:amazon.TestCases.TC_AmazonMoveToBasket@4d0f2471]" started-at="2022-02-20T14:50:50 CET" name="setUp" finished-at="2022-02-20T14:50:52 CET" duration-ms="2168" status="PASS">
          <params>
            <param index="0">
              <value>
                <![CDATA[chrome]]>
              </value>
            </param>
          </params>
          <reporter-output>
          </reporter-output>
        </test-method> <!-- setUp -->
        <test-method signature="AmazonMoveToBasket()[pri:0, instance:amazon.TestCases.TC_AmazonMoveToBasket@4d0f2471]" started-at="2022-02-20T14:50:52 CET" name="AmazonMoveToBasket" finished-at="2022-02-20T14:51:05 CET" duration-ms="12092" status="FAIL">
          <exception class="java.io.FileNotFoundException">
            <message>
              <![CDATA[C:\eclipse workspace\AmazonTest\screenshots\logintest.png (The system cannot find the path specified)]]>
            </message>
            <full-stacktrace>
              <![CDATA[java.io.FileNotFoundException: C:\eclipse workspace\AmazonTest\screenshots\logintest.png (The system cannot find the path specified)
at java.base/java.io.FileOutputStream.open0(Native Method)
at java.base/java.io.FileOutputStream.open(FileOutputStream.java:293)
at java.base/java.io.FileOutputStream.<init>(FileOutputStream.java:235)
at com.google.common.io.Files$FileByteSink.openStream(Files.java:196)
at com.google.common.io.Files$FileByteSink.openStream(Files.java:184)
at com.google.common.io.ByteSource.copyTo(ByteSource.java:279)
at com.google.common.io.Files.copy(Files.java:329)
at amazon.TestCases.BaseClass.captureScreen(BaseClass.java:66)
at amazon.TestCases.TC_AmazonMoveToBasket.AmazonMoveToBasket(TC_AmazonMoveToBasket.java:59)
at java.base/jdk.internal.reflect.NativeMethodAccessorImpl.invoke0(Native Method)
at java.base/jdk.internal.reflect.NativeMethodAccessorImpl.invoke(NativeMethodAccessorImpl.java:77)
at java.base/jdk.internal.reflect.DelegatingMethodAccessorImpl.invoke(DelegatingMethodAccessorImpl.java:43)
at java.base/java.lang.reflect.Method.invoke(Method.java:568)
at org.testng.internal.MethodInvocationHelper.invokeMethod(MethodInvocationHelper.java:133)
at org.testng.internal.TestInvoker.invokeMethod(TestInvoker.java:598)
at org.testng.internal.TestInvoker.invokeTestMethod(TestInvoker.java:173)
at org.testng.internal.MethodRunner.runInSequence(MethodRunner.java:46)
at org.testng.internal.TestInvoker$MethodInvocationAgent.invoke(TestInvoker.java:824)
at org.testng.internal.TestInvoker.invokeTestMethods(TestInvoker.java:146)
at org.testng.internal.TestMethodWorker.invokeTestMethods(TestMethodWorker.java:146)
at org.testng.internal.TestMethodWorker.run(TestMethodWorker.java:128)
at java.base/java.util.ArrayList.forEach(ArrayList.java:1511)
at org.testng.TestRunner.privateRun(TestRunner.java:794)
at org.testng.TestRunner.run(TestRunner.java:596)
at org.testng.SuiteRunner.runTest(SuiteRunner.java:377)
at org.testng.SuiteRunner.runSequentially(SuiteRunner.java:371)
at org.testng.SuiteRunner.privateRun(SuiteRunner.java:332)
at org.testng.SuiteRunner.run(SuiteRunner.java:276)
at org.testng.SuiteRunnerWorker.runSuite(SuiteRunnerWorker.java:53)
at org.testng.SuiteRunnerWorker.run(SuiteRunnerWorker.java:96)
at org.testng.TestNG.runSuitesSequentially(TestNG.java:1212)
at org.testng.TestNG.runSuitesLocally(TestNG.java:1134)
at org.testng.TestNG.runSuites(TestNG.java:1063)
at org.testng.TestNG.run(TestNG.java:1031)
at org.testng.remote.AbstractRemoteTestNG.run(AbstractRemoteTestNG.java:115)
at org.testng.remote.RemoteTestNG.initAndRun(RemoteTestNG.java:251)
at org.testng.remote.RemoteTestNG.main(RemoteTestNG.java:77)
]]>
            </full-stacktrace>
          </exception> <!-- java.io.FileNotFoundException -->
          <reporter-output>
          </reporter-output>
        </test-method> <!-- AmazonMoveToBasket -->
        <test-method is-config="true" signature="tearDown()[pri:0, instance:amazon.TestCases.TC_AmazonMoveToBasket@4d0f2471]" started-at="2022-02-20T14:51:05 CET" name="tearDown" finished-at="2022-02-20T14:51:09 CET" duration-ms="4186" status="PASS">
          <reporter-output>
          </reporter-output>
        </test-method> <!-- tearDown -->
      </class> <!-- amazon.TestCases.TC_AmazonMoveToBasket -->
    </test> <!-- Amazon Test -->
  </suite> <!-- Amazon Test -->
</testng-results>
